MATLAB is selecting SOFTWARE OPENGL rendering.

                            < M A T L A B (R) >
                  Copyright 1984-2019 The MathWorks, Inc.
              R2019a Update 1 (9.6.0.1099231) 64-bit (glnxa64)
                               April 12, 2019

 
To get started, type doc.
For product information, visit www.mathworks.com.
 
>> >> >> 
num =

     9

>> >> >> >> >> >> >> >> >> >> >> >> >> >> >> >> >> >> >> 
ans =

        1025           9           5

[Warning: MATLAB has disabled some advanced graphics rendering features by
switching to software OpenGL. For more information, click <a
href="matlab:opengl('problems')">here</a>.] 

timeLUBF =

    1.7359


timeHSSBFapply =

    0.0288


iterNonPre =

        5000


errResNon =

   4.2648e-05


errIterNon =

    0.0038


timeLUBFapply =

    0.0282


errDir =

    0.8569


iterPre =

   211


errIter =

   1.3879e-05


errRes =

   9.4622e-07

>> >> >> >> >> >> >> >> >> >> 
errlu =

    1.6407

>> >> >> >> >> >> >> >> >> >> >> >> >> >> >> >> >> >> >> >> >> 