MATLAB is selecting SOFTWARE OPENGL rendering.

                            < M A T L A B (R) >
                  Copyright 1984-2019 The MathWorks, Inc.
              R2019a Update 1 (9.6.0.1099231) 64-bit (glnxa64)
                               April 12, 2019

 
To get started, type doc.
For product information, visit www.mathworks.com.
 
>> >> >> >> >> >> >> >> >> >> >> >> >> >> >> >> >> >> >> >> >> >> >> >> >> >> >> 
errlu_old =

    1.6407

>> >> >> 
errlu_new =

   20.0595

>> >> >> >> >> 
iterNonPre =

        5000

>> 
errResNon =

   4.2648e-05

>> 
errIterNon =

    0.0038

>> >> >> >> >> >> 
timeLUBFapply_old =

    0.0303

>> 
errDir_old =

    1.8309

>> >> >> 
iterPre_old =

   408

>> >> 
errRes_old =

   9.6033e-07

>> 
errIter_old =

   2.1102e-05

>> >> >> >> >> >> 
timeLUBFapply_new =

    0.0204

>> 
errDir_new =

    0.2607

>> >> >> 
iterPre_new =

        5000

>> >> 
errRes_new =

   6.9984e-05

>> 
errIter_new =

    0.1324

>> >> >> >> >> >> >> >> >> >> >> >> >> >> >> >> >> results have been saved!
>> 